0 info it worked if it ends with ok
1 verbose cli [ '/Users/apprentice/.nvm/versions/node/v5.8.0/bin/node',
1 verbose cli   '/Users/apprentice/.nvm/versions/node/v5.8.0/bin/npm',
1 verbose cli   'run',
1 verbose cli   'build' ]
2 info using npm@3.7.3
3 info using node@v5.8.0
4 verbose run-script [ 'prebuild', 'build', 'postbuild' ]
5 info lifecycle schools@0.0.0~prebuild: schools@0.0.0
6 silly lifecycle schools@0.0.0~prebuild: no script for prebuild, continuing
7 info lifecycle schools@0.0.0~build: schools@0.0.0
8 verbose lifecycle schools@0.0.0~build: unsafe-perm in lifecycle true
9 verbose lifecycle schools@0.0.0~build: PATH: /Users/apprentice/.nvm/versions/node/v5.8.0/lib/node_modules/npm/bin/node-gyp-bin:/Users/apprentice/schools/node_modules/.bin:/Users/apprentice/.nvm/versions/node/v5.8.0/bin:/Users/apprentice/.nvm/versions/node/v5.8.0/bin:/Users/apprentice/.rbenv/shims:/usr/local/bin:/usr/local/bin:/usr/bin:/bin:/usr/sbin:/sbin
10 verbose lifecycle schools@0.0.0~build: CWD: /Users/apprentice/schools
11 silly lifecycle schools@0.0.0~build: Args: [ '-c', 'browserify client_js/index.js > public/bundle.js' ]
12 silly lifecycle schools@0.0.0~build: Returned: code: 1  signal: null
13 info lifecycle schools@0.0.0~build: Failed to exec build script
14 verbose stack Error: schools@0.0.0 build: `browserify client_js/index.js > public/bundle.js`
14 verbose stack Exit status 1
14 verbose stack     at EventEmitter.<anonymous> (/Users/apprentice/.nvm/versions/node/v5.8.0/lib/node_modules/npm/lib/utils/lifecycle.js:239:16)
14 verbose stack     at emitTwo (events.js:100:13)
14 verbose stack     at EventEmitter.emit (events.js:185:7)
14 verbose stack     at ChildProcess.<anonymous> (/Users/apprentice/.nvm/versions/node/v5.8.0/lib/node_modules/npm/lib/utils/spawn.js:24:14)
14 verbose stack     at emitTwo (events.js:100:13)
14 verbose stack     at ChildProcess.emit (events.js:185:7)
14 verbose stack     at maybeClose (internal/child_process.js:850:16)
14 verbose stack     at Process.ChildProcess._handle.onexit (internal/child_process.js:215:5)
15 verbose pkgid schools@0.0.0
16 verbose cwd /Users/apprentice/schools
17 error Darwin 14.4.0
18 error argv "/Users/apprentice/.nvm/versions/node/v5.8.0/bin/node" "/Users/apprentice/.nvm/versions/node/v5.8.0/bin/npm" "run" "build"
19 error node v5.8.0
20 error npm  v3.7.3
21 error code ELIFECYCLE
22 error schools@0.0.0 build: `browserify client_js/index.js > public/bundle.js`
22 error Exit status 1
23 error Failed at the schools@0.0.0 build script 'browserify client_js/index.js > public/bundle.js'.
23 error Make sure you have the latest version of node.js and npm installed.
23 error If you do, this is most likely a problem with the schools package,
23 error not with npm itself.
23 error Tell the author that this fails on your system:
23 error     browserify client_js/index.js > public/bundle.js
23 error You can get information on how to open an issue for this project with:
23 error     npm bugs schools
23 error Or if that isn't available, you can get their info via:
23 error     npm owner ls schools
23 error There is likely additional logging output above.
24 verbose exit [ 1, true ]
